<?xml version="1.0" encoding="UTF-8"?>
<!-- Generated by org.testng.reporters.JUnitReportReporter -->
<testsuite hostname="DESKTOP-CKO2VDS" name="testPackage.smokeTest" tests="1" failures="0" timestamp="26 Jun 2020 23:06:26 GMT" time="12.175" errors="0">
  <testcase name="AddToCart" time="12.175" classname="testPackage.smokeTest"/>
</testsuite> <!-- testPackage.smokeTest -->
