<?xml version="1.0" encoding="UTF-8"?>
<!-- Generated by org.testng.reporters.JUnitReportReporter -->
<testsuite hostname="DESKTOP-CKO2VDS" name="testPackage.testClassTest" tests="1" failures="0" timestamp="26 Jun 2020 17:24:46 GMT" time="21.012" errors="0">
  <testcase name="testTest" time="21.012" classname="testPackage.testClassTest"/>
</testsuite> <!-- testPackage.testClassTest -->
